2025-07-11 09:37:15,894 - INFO - [Recommend request] {'flag': 0, 'info': {'性别': '男', '年龄': 20, '身高': 175, '体重': 65.5, 'activity_level': 'b', '疾病情况': None}, 'data': {'餐别': '午餐', '菜品名称': [{'食品名称': '番茄炒蛋', '食品克数': '200', '食材信息': {}}, {'食品名称': '凉拌土豆丝', '食品克数': '100', '食材信息': {'土豆': '100'}}, {'食品名称': '尖椒土豆片', '食品克数': '200', '食材信息': {}}, {'食品名称': '裙带菜豆腐汤', '食品克数': '100', '食材信息': {}}, {'食品名称': '白扁豆炒肉', '食品克数': '200', '食材信息': {}}, {'食品名称': '葛根排骨汤', '食品克数': '100', '食材信息': {}}, {'食品名称': '红烧带鱼', '食品克数': '200', '食材信息': {}}, {'食品名称': '卤蛋', '食品克数': '50', '食材信息': {'鸡蛋': '50'}}, {'食品名称': '牛肉炒木耳', '食品克数': '200', '食材信息': {}}, {'食品名称': '素炒甘蓝丝', '食品克数': '100', '食材信息': {'结球甘蓝': '100'}}, {'食品名称': '尖椒炒肉', '食品克数': '100', '食材信息': {}}, {'食品名称': '蒸芋头', '食品克数': '100', '食材信息': {'芋头': '100'}}, {'食品名称': '猪肉白菜炖粉条', '食品克数': '200', '食材信息': {}}, {'食品名称': '煮鹅蛋', '食品克数': '70', '食材信息': {'鹅蛋': '70'}}]}}
2025-07-11 09:37:15,895 - INFO - 开始计算餐别 '午餐' 的营养需求
2025-07-11 09:37:20,630 - ERROR - [Recommend error] unsupported format string passed to tuple.__format__
2025-07-11 09:39:07,497 - INFO - [Recommend request] {'flag': 0, 'info': {'性别': '男', '年龄': 20, '身高': 175, '体重': 65.5, 'activity_level': 'b', '疾病情况': None}, 'data': {'餐别': '午餐', '菜品名称': [{'食品名称': '番茄炒蛋', '食品克数': '200', '食材信息': {}}, {'食品名称': '凉拌土豆丝', '食品克数': '100', '食材信息': {'土豆': '100'}}, {'食品名称': '尖椒土豆片', '食品克数': '200', '食材信息': {}}, {'食品名称': '裙带菜豆腐汤', '食品克数': '100', '食材信息': {}}, {'食品名称': '白扁豆炒肉', '食品克数': '200', '食材信息': {}}, {'食品名称': '葛根排骨汤', '食品克数': '100', '食材信息': {}}, {'食品名称': '红烧带鱼', '食品克数': '200', '食材信息': {}}, {'食品名称': '卤蛋', '食品克数': '50', '食材信息': {'鸡蛋': '50'}}, {'食品名称': '牛肉炒木耳', '食品克数': '200', '食材信息': {}}, {'食品名称': '素炒甘蓝丝', '食品克数': '100', '食材信息': {'结球甘蓝': '100'}}, {'食品名称': '尖椒炒肉', '食品克数': '100', '食材信息': {}}, {'食品名称': '蒸芋头', '食品克数': '100', '食材信息': {'芋头': '100'}}, {'食品名称': '猪肉白菜炖粉条', '食品克数': '200', '食材信息': {}}, {'食品名称': '煮鹅蛋', '食品克数': '70', '食材信息': {'鹅蛋': '70'}}]}}
2025-07-11 09:39:07,497 - INFO - 开始计算餐别 '午餐' 的营养需求
2025-07-11 09:39:30,031 - ERROR - 大模型批量生成推荐理由失败: Expecting value: line 1 column 1 (char 0)
2025-07-11 09:49:09,300 - INFO - [Recommend request] {'flag': 0, 'info': {'性别': '男', '年龄': 20, '身高': 175, '体重': 65.5, 'activity_level': 'b', '疾病情况': None}, 'data': {'餐别': '午餐', '菜品名称': [{'食品名称': '番茄炒蛋', '食品克数': '200', '食材信息': {}}, {'食品名称': '凉拌土豆丝', '食品克数': '100', '食材信息': {'土豆': '100'}}, {'食品名称': '尖椒土豆片', '食品克数': '200', '食材信息': {}}, {'食品名称': '裙带菜豆腐汤', '食品克数': '100', '食材信息': {}}, {'食品名称': '白扁豆炒肉', '食品克数': '200', '食材信息': {}}, {'食品名称': '葛根排骨汤', '食品克数': '100', '食材信息': {}}, {'食品名称': '红烧带鱼', '食品克数': '200', '食材信息': {}}, {'食品名称': '卤蛋', '食品克数': '50', '食材信息': {'鸡蛋': '50'}}, {'食品名称': '牛肉炒木耳', '食品克数': '200', '食材信息': {}}, {'食品名称': '素炒甘蓝丝', '食品克数': '100', '食材信息': {'结球甘蓝': '100'}}, {'食品名称': '尖椒炒肉', '食品克数': '100', '食材信息': {}}, {'食品名称': '蒸芋头', '食品克数': '100', '食材信息': {'芋头': '100'}}, {'食品名称': '猪肉白菜炖粉条', '食品克数': '200', '食材信息': {}}, {'食品名称': '煮鹅蛋', '食品克数': '70', '食材信息': {'鹅蛋': '70'}}]}}
2025-07-11 09:49:09,300 - INFO - 开始计算餐别 '午餐' 的营养需求
2025-07-11 09:49:31,607 - ERROR - 无效的JSON格式: ```json
{
  "番茄炒蛋": {
    "推荐理由": "富含蛋白质和维生素C，提升食欲。",
    "营养特点": "蛋白质和维生素C丰富。",
    "权重解释": "权重较低，适量搭配。",
    "食用建议": "作为主菜的补充，适量食用。"
  },
  "凉拌土豆丝": {
    "推荐理由": "低脂低卡，促进消化。",
    "营养特点": "低脂低卡，富含膳...
2025-07-11 09:49:31,607 - ERROR - 大模型批量生成推荐理由失败: Expecting value: line 1 column 1 (char 0)
2025-07-11 09:54:47,173 - INFO - [Recommend request] {'flag': 0, 'info': {'性别': '男', '年龄': 20, '身高': 175, '体重': 65.5, 'activity_level': 'b', '疾病情况': None}, 'data': {'餐别': '午餐', '菜品名称': [{'食品名称': '番茄炒蛋', '食品克数': '200', '食材信息': {}}, {'食品名称': '凉拌土豆丝', '食品克数': '100', '食材信息': {'土豆': '100'}}, {'食品名称': '尖椒土豆片', '食品克数': '200', '食材信息': {}}, {'食品名称': '裙带菜豆腐汤', '食品克数': '100', '食材信息': {}}, {'食品名称': '白扁豆炒肉', '食品克数': '200', '食材信息': {}}, {'食品名称': '葛根排骨汤', '食品克数': '100', '食材信息': {}}, {'食品名称': '红烧带鱼', '食品克数': '200', '食材信息': {}}, {'食品名称': '卤蛋', '食品克数': '50', '食材信息': {'鸡蛋': '50'}}, {'食品名称': '牛肉炒木耳', '食品克数': '200', '食材信息': {}}, {'食品名称': '素炒甘蓝丝', '食品克数': '100', '食材信息': {'结球甘蓝': '100'}}, {'食品名称': '尖椒炒肉', '食品克数': '100', '食材信息': {}}, {'食品名称': '蒸芋头', '食品克数': '100', '食材信息': {'芋头': '100'}}, {'食品名称': '猪肉白菜炖粉条', '食品克数': '200', '食材信息': {}}, {'食品名称': '煮鹅蛋', '食品克数': '70', '食材信息': {'鹅蛋': '70'}}]}}
2025-07-11 09:54:47,173 - INFO - 开始计算餐别 '午餐' 的营养需求
2025-07-11 09:55:09,765 - ERROR - 无效的JSON格式: ```json
[
    {
        "菜品": "番茄炒蛋",
        "推荐理由": "富含蛋白质与维生素，提升口感。",
        "营养特点": "高蛋白，适量脂肪，补充维生素。",
        "推荐权重": 0.05,
        "食用建议": "适量食用，保证多样营养。"
    },
    {
        "菜品": "凉拌土豆丝",
   ...
2025-07-11 09:55:09,765 - ERROR - 大模型批量生成推荐理由失败: Expecting value: line 1 column 1 (char 0)
