2025-07-11 11:03:52,261 - INFO - [Recommend request] {'flag': 0, 'info': {'性别': '男', '年龄': 20, '身高': 175, '体重': 65.5, 'activity_level': 'b', '疾病情况': None}, 'data': {'餐别': '午餐', '菜品名称': [{'食品名称': '番茄炒蛋', '食品克数': '200', '食材信息': {}}, {'食品名称': '凉拌土豆丝', '食品克数': '100', '食材信息': {'土豆': '100'}}, {'食品名称': '尖椒土豆片', '食品克数': '200', '食材信息': {}}, {'食品名称': '裙带菜豆腐汤', '食品克数': '100', '食材信息': {}}, {'食品名称': '白扁豆炒肉', '食品克数': '200', '食材信息': {}}, {'食品名称': '葛根排骨汤', '食品克数': '100', '食材信息': {}}, {'食品名称': '红烧带鱼', '食品克数': '200', '食材信息': {}}, {'食品名称': '卤蛋', '食品克数': '50', '食材信息': {'鸡蛋': '50'}}, {'食品名称': '牛肉炒木耳', '食品克数': '200', '食材信息': {}}, {'食品名称': '素炒甘蓝丝', '食品克数': '100', '食材信息': {'结球甘蓝': '100'}}, {'食品名称': '尖椒炒肉', '食品克数': '100', '食材信息': {}}, {'食品名称': '蒸芋头', '食品克数': '100', '食材信息': {'芋头': '100'}}, {'食品名称': '猪肉白菜炖粉条', '食品克数': '200', '食材信息': {}}, {'食品名称': '煮鹅蛋', '食品克数': '70', '食材信息': {'鹅蛋': '70'}}]}}
2025-07-11 11:03:52,261 - INFO - 开始计算餐别 '午餐' 的营养需求
2025-07-11 11:04:21,031 - INFO - [Recommend request] {'flag': 0, 'info': {'性别': '男', '年龄': 20, '身高': 175, '体重': 65.5, 'activity_level': 'b', '疾病情况': None}, 'data': {'餐别': '午餐', '菜品名称': [{'食品名称': '番茄炒蛋', '食品克数': '200', '食材信息': {}}, {'食品名称': '凉拌土豆丝', '食品克数': '100', '食材信息': {'土豆': '100'}}, {'食品名称': '尖椒土豆片', '食品克数': '200', '食材信息': {}}, {'食品名称': '裙带菜豆腐汤', '食品克数': '100', '食材信息': {}}, {'食品名称': '白扁豆炒肉', '食品克数': '200', '食材信息': {}}, {'食品名称': '葛根排骨汤', '食品克数': '100', '食材信息': {}}, {'食品名称': '红烧带鱼', '食品克数': '200', '食材信息': {}}, {'食品名称': '卤蛋', '食品克数': '50', '食材信息': {'鸡蛋': '50'}}, {'食品名称': '牛肉炒木耳', '食品克数': '200', '食材信息': {}}, {'食品名称': '素炒甘蓝丝', '食品克数': '100', '食材信息': {'结球甘蓝': '100'}}, {'食品名称': '尖椒炒肉', '食品克数': '100', '食材信息': {}}, {'食品名称': '蒸芋头', '食品克数': '100', '食材信息': {'芋头': '100'}}, {'食品名称': '猪肉白菜炖粉条', '食品克数': '200', '食材信息': {}}, {'食品名称': '煮鹅蛋', '食品克数': '70', '食材信息': {'鹅蛋': '70'}}]}}
2025-07-11 11:04:21,031 - INFO - 开始计算餐别 '午餐' 的营养需求
2025-07-11 11:05:29,738 - INFO - [Recommend request] {'flag': 0, 'info': {'性别': '男', '年龄': 20, '身高': 175, '体重': 65.5, 'activity_level': 'b', '疾病情况': None}, 'data': {'餐别': '午餐', '菜品名称': [{'食品名称': '番茄炒蛋', '食品克数': '200', '食材信息': {}}, {'食品名称': '凉拌土豆丝', '食品克数': '100', '食材信息': {'土豆': '100'}}, {'食品名称': '尖椒土豆片', '食品克数': '200', '食材信息': {}}, {'食品名称': '裙带菜豆腐汤', '食品克数': '100', '食材信息': {}}, {'食品名称': '白扁豆炒肉', '食品克数': '200', '食材信息': {}}, {'食品名称': '葛根排骨汤', '食品克数': '100', '食材信息': {}}, {'食品名称': '红烧带鱼', '食品克数': '200', '食材信息': {}}, {'食品名称': '卤蛋', '食品克数': '50', '食材信息': {'鸡蛋': '50'}}, {'食品名称': '牛肉炒木耳', '食品克数': '200', '食材信息': {}}, {'食品名称': '素炒甘蓝丝', '食品克数': '100', '食材信息': {'结球甘蓝': '100'}}, {'食品名称': '尖椒炒肉', '食品克数': '100', '食材信息': {}}, {'食品名称': '蒸芋头', '食品克数': '100', '食材信息': {'芋头': '100'}}, {'食品名称': '猪肉白菜炖粉条', '食品克数': '200', '食材信息': {}}, {'食品名称': '煮鹅蛋', '食品克数': '70', '食材信息': {'鹅蛋': '70'}}]}}
2025-07-11 11:05:29,738 - INFO - 开始计算餐别 '午餐' 的营养需求
2025-07-11 11:06:25,529 - INFO - [Recommend request] {'flag': 0, 'info': {'性别': '男', '年龄': 20, '身高': 175, '体重': 65.5, 'activity_level': 'b', '疾病情况': None}, 'data': {'餐别': '午餐', '菜品名称': [{'食品名称': '番茄炒蛋', '食品克数': '200', '食材信息': {}}, {'食品名称': '凉拌土豆丝', '食品克数': '100', '食材信息': {'土豆': '100'}}, {'食品名称': '尖椒土豆片', '食品克数': '200', '食材信息': {}}, {'食品名称': '裙带菜豆腐汤', '食品克数': '100', '食材信息': {}}, {'食品名称': '白扁豆炒肉', '食品克数': '200', '食材信息': {}}, {'食品名称': '葛根排骨汤', '食品克数': '100', '食材信息': {}}, {'食品名称': '红烧带鱼', '食品克数': '200', '食材信息': {}}, {'食品名称': '卤蛋', '食品克数': '50', '食材信息': {'鸡蛋': '50'}}, {'食品名称': '牛肉炒木耳', '食品克数': '200', '食材信息': {}}, {'食品名称': '素炒甘蓝丝', '食品克数': '100', '食材信息': {'结球甘蓝': '100'}}, {'食品名称': '尖椒炒肉', '食品克数': '100', '食材信息': {}}, {'食品名称': '蒸芋头', '食品克数': '100', '食材信息': {'芋头': '100'}}, {'食品名称': '猪肉白菜炖粉条', '食品克数': '200', '食材信息': {}}, {'食品名称': '煮鹅蛋', '食品克数': '70', '食材信息': {'鹅蛋': '70'}}]}}
2025-07-11 11:06:25,529 - INFO - 开始计算餐别 '午餐' 的营养需求
2025-07-11 11:06:30,764 - ERROR - 大模型批量生成推荐理由失败: Error code: 400 - {'object': 'error', 'message': "This model's maximum context length is 2048 tokens. However, you requested 2119 tokens (1119 in the messages, 1000 in the completion). Please reduce the length of the messages or completion.", 'type': 'BadRequestError', 'param': None, 'code': 400}
2025-07-11 11:06:53,301 - INFO - [Recommend request] {'flag': 0, 'info': {'性别': '男', '年龄': 20, '身高': 175, '体重': 65.5, 'activity_level': 'b', '疾病情况': None}, 'data': {'餐别': '午餐', '菜品名称': [{'食品名称': '番茄炒蛋', '食品克数': '200', '食材信息': {}}, {'食品名称': '凉拌土豆丝', '食品克数': '100', '食材信息': {'土豆': '100'}}, {'食品名称': '尖椒土豆片', '食品克数': '200', '食材信息': {}}, {'食品名称': '裙带菜豆腐汤', '食品克数': '100', '食材信息': {}}, {'食品名称': '白扁豆炒肉', '食品克数': '200', '食材信息': {}}, {'食品名称': '葛根排骨汤', '食品克数': '100', '食材信息': {}}, {'食品名称': '红烧带鱼', '食品克数': '200', '食材信息': {}}, {'食品名称': '卤蛋', '食品克数': '50', '食材信息': {'鸡蛋': '50'}}, {'食品名称': '牛肉炒木耳', '食品克数': '200', '食材信息': {}}, {'食品名称': '素炒甘蓝丝', '食品克数': '100', '食材信息': {'结球甘蓝': '100'}}, {'食品名称': '尖椒炒肉', '食品克数': '100', '食材信息': {}}, {'食品名称': '蒸芋头', '食品克数': '100', '食材信息': {'芋头': '100'}}, {'食品名称': '猪肉白菜炖粉条', '食品克数': '200', '食材信息': {}}, {'食品名称': '煮鹅蛋', '食品克数': '70', '食材信息': {'鹅蛋': '70'}}]}}
2025-07-11 11:06:53,302 - INFO - 开始计算餐别 '午餐' 的营养需求
2025-07-11 11:07:13,165 - ERROR - 大模型返回内容不是合法JSON: {
    "番茄炒蛋": "富含优质蛋白和维生素C，脂肪含量适中。推荐权重0.05，营养均衡且符合需求，建议适量食用。",
    "凉拌土豆丝": "低热量，富含膳食纤维，有助于消化。推荐权重1.00，适合本餐食用。",
    "尖椒土豆片": "热量较高，蛋白质丰富，但脂肪含量偏高。推荐权重0.60，适量食用。",
    "裙带菜豆腐汤": "低热量，富含蛋白质和矿物质。推荐权重0.05，适合本餐食用。",
    "白扁豆炒肉": "高蛋白质，但脂肪含量较高。推荐权重0.05，适量食用。",
    "葛根排骨汤": "低热量，富含蛋白质。推荐权重0.05，适合本餐食用。",
    "红烧带鱼": "蛋白质丰富，但脂肪含量偏高。推荐权重0.05，适量食用。",
    "卤蛋": "蛋白质丰富，但热量较高。推荐权重0.40，适量食用。",
    "牛肉炒木耳": "蛋白质丰富，脂肪含量适中。推荐权重0.05，适量食用。",
    "素炒甘蓝丝": "低热量，富含维生素和矿物质。推荐权重1.00，适合本餐食用。",
    "尖椒炒肉": "蛋白质丰富，但脂肪含量偏高。推荐权重0.05，适量食用。",
    "蒸芋头": "低热量，富含膳食纤维。推荐权重1.00，适合本餐食用。",
    "猪肉白菜炖粉条": "蛋白质含量一般，但脂肪和热量适中。推荐权重0.50，适量食用。",
    "煮鹅蛋": "蛋白质丰富，但热量较高。推荐权重0.60，适量食用。"
}


### 解释:
1. **番茄炒蛋**：推荐食用。
2. **凉拌土豆丝**：推荐食用。
3. **尖椒土豆片**：推荐适量食用，因为脂肪含量偏高。
4. **裙带菜豆腐汤**：推荐食用。
5. **白扁豆炒肉**：推荐适量食用，因为脂肪含量较高。
6. **葛根排骨汤**：推荐食用。
7. **红烧带鱼**：推荐适量食用，因为脂肪含量偏高。
8. **卤蛋**：推荐适量食用，因为热量较高。
9. **牛肉炒木耳**：推荐适量食用。
10. **素炒甘蓝丝**：推荐食用。
11. **尖椒炒肉**：推荐适量食用，因为脂肪含量偏高。
12. **蒸芋头**：推荐食用。
13. **猪肉白菜炖粉条**：推荐适量食用。
14. **煮鹅蛋**：推荐适量食用，因为热量较高。

### 注意事项:
- 确保所有推荐食用的菜品营养范围总和不超过用户单餐营养需求。
- 根据用户的活动水平和健康状况调整具体食品的摄入量，建议适量食用，尤其是高脂肪和高热量的菜品。
2025-07-11 11:07:13,165 - ERROR - 解析失败: Extra data: line 19 column 1 (char 653)
