2025-07-15 14:56:36,608 - INFO - [Recommend request] {'flag': 0, 'info': {'性别': '男', '年龄': 20, '身高': 175, '体重': 65.5, 'activity_level': 'b', '疾病情况': None}, 'data': {'餐别': '午餐', '菜品名称': [{'食品名称': '番茄炒蛋', '食品克数': '200', '食材信息': {}}, {'食品名称': '凉拌土豆丝', '食品克数': '100', '食材信息': {'土豆': '100'}}, {'食品名称': '尖椒土豆片', '食品克数': '200', '食材信息': {}}, {'食品名称': '裙带菜豆腐汤', '食品克数': '100', '食材信息': {}}, {'食品名称': '白扁豆炒肉', '食品克数': '200', '食材信息': {}}, {'食品名称': '葛根排骨汤', '食品克数': '100', '食材信息': {}}, {'食品名称': '红烧带鱼', '食品克数': '200', '食材信息': {}}, {'食品名称': '卤蛋', '食品克数': '50', '食材信息': {'鸡蛋': '50'}}, {'食品名称': '牛肉炒木耳', '食品克数': '200', '食材信息': {}}, {'食品名称': '素炒甘蓝丝', '食品克数': '100', '食材信息': {'结球甘蓝': '100'}}, {'食品名称': '尖椒炒肉', '食品克数': '100', '食材信息': {}}, {'食品名称': '蒸芋头', '食品克数': '100', '食材信息': {'芋头': '100'}}, {'食品名称': '猪肉白菜炖粉条', '食品克数': '200', '食材信息': {}}, {'食品名称': '煮鹅蛋', '食品克数': '70', '食材信息': {'鹅蛋': '70'}}]}}
2025-07-15 14:56:36,609 - INFO - 开始计算餐别 '午餐' 的营养需求
2025-07-15 14:57:08,527 - INFO - 大模型返回原始内容:
```json
{
    "番茄炒蛋": "推荐|番茄炒蛋的营养信息符合推荐权重且能量为122.0，蛋白质为10.1，脂肪为5.9，碳水化合物为8.1，属于合理的搭配。",
    "凉拌土豆丝": "推荐|凉拌土豆丝的营养信息符合推荐权重且能量为81.0，蛋白质为2.6，脂肪为0.2，碳水化合物为17.8，属于合理的搭配。",
    "尖椒土豆片": "推荐|尖椒土豆片的营养信息符合推荐权重且能量为376.0，蛋白质为17.6，脂肪为12.2，碳水化合物为70.5，属于合理的搭配。",
    "裙带菜豆腐汤": "推荐|裙带菜豆腐汤的营养信息符合推荐权重且能量为138.0，蛋白质为14.0，脂肪为3.9，碳水化合物为18.6，属于合理的搭配。",
    "白扁豆炒肉": "不推荐|白扁豆炒肉的营养信息不符合推荐权重，能量为468.9，蛋白质为39.3，脂肪为3.3，碳水化合物为80.2，脂肪和碳水化合物比例过高。",
    "葛根排骨汤": "推荐|葛根排骨汤的营养信息符合推荐权重且能量为215.1，蛋白质为11.4，脂肪为0.1，碳水化合物为27.1，属于合理的搭配。",
    "红烧带鱼": "不推荐|红烧带鱼的营养信息不符合推荐权重，能量为254.0，蛋白质为35.4，脂肪为9.8，碳水化合物为6.2，脂肪比例过高。",
    "卤蛋": "推荐|卤蛋的营养信息符合推荐权重且能量为69.5，蛋白质为6.6，脂肪为4.3，碳水化合物为1.2，属于合理的搭配。",
    "牛肉炒木耳": "不推荐|牛肉炒木耳的营养信息不符合推荐权重，能量为130.0，蛋白质为13.6，脂肪为5.3，碳水化合物为8.9，脂肪和碳水化合物比例过高。",
    "素炒甘蓝丝": "推荐|素炒甘蓝丝的营养信息符合推荐权重且能量为25.0，蛋白质为1.2，脂肪为0.2，碳水化合物为6.2，属于合理的搭配。",
    "尖椒炒肉": "不推荐|尖椒炒肉的营养信息不符合推荐权重，能量为256.4，蛋白质为16.4，脂肪为11.1，碳水化合物为37.8，脂肪比例过高。",
    "蒸芋头": "推荐|蒸芋头的营养信息符合推荐权重且能量为56.0，蛋白质为1.3，脂肪为0.2，碳水化合物为12.7，属于合理的搭配。",
    "猪肉白菜炖粉条": "推荐|猪肉白菜炖粉条的营养信息符合推荐权重且能量为275.0，蛋白质为9.7，脂肪为0.3，碳水化合物为40.4，属于合理的搭配。",
    "煮鹅蛋": "推荐|煮鹅蛋的营养信息符合推荐权重且能量为137.2，蛋白质为7.8，脂肪为10.9，碳水化合物为2.0，属于合理的搭配。"
}
```
2025-07-15 14:58:38,115 - INFO - [Recommend request] {'flag': 0, 'info': {'性别': '男', '年龄': 20, '身高': 175, '体重': 65.5, 'activity_level': 'b', '疾病情况': None}, 'data': {'餐别': '午餐', '菜品名称': [{'食品名称': '番茄炒蛋', '食品克数': '200', '食材信息': {}}, {'食品名称': '凉拌土豆丝', '食品克数': '100', '食材信息': {'土豆': '100'}}, {'食品名称': '尖椒土豆片', '食品克数': '200', '食材信息': {}}, {'食品名称': '裙带菜豆腐汤', '食品克数': '100', '食材信息': {}}, {'食品名称': '白扁豆炒肉', '食品克数': '200', '食材信息': {}}, {'食品名称': '葛根排骨汤', '食品克数': '100', '食材信息': {}}, {'食品名称': '红烧带鱼', '食品克数': '200', '食材信息': {}}, {'食品名称': '卤蛋', '食品克数': '50', '食材信息': {'鸡蛋': '50'}}, {'食品名称': '牛肉炒木耳', '食品克数': '200', '食材信息': {}}, {'食品名称': '素炒甘蓝丝', '食品克数': '100', '食材信息': {'结球甘蓝': '100'}}, {'食品名称': '尖椒炒肉', '食品克数': '100', '食材信息': {}}, {'食品名称': '蒸芋头', '食品克数': '100', '食材信息': {'芋头': '100'}}, {'食品名称': '猪肉白菜炖粉条', '食品克数': '200', '食材信息': {}}, {'食品名称': '煮鹅蛋', '食品克数': '70', '食材信息': {'鹅蛋': '70'}}]}}
2025-07-15 14:58:38,115 - INFO - 开始计算餐别 '午餐' 的营养需求
2025-07-15 14:58:43,205 - ERROR - 大模型批量生成推荐理由失败: Error code: 400 - {'object': 'error', 'message': "This model's maximum context length is 2048 tokens. However, you requested 2056 tokens (1056 in the messages, 1000 in the completion). Please reduce the length of the messages or completion.", 'type': 'BadRequestError', 'param': None, 'code': 400}
2025-07-15 14:59:52,623 - INFO - [Recommend request] {'flag': 0, 'info': {'性别': '男', '年龄': 20, '身高': 175, '体重': 65.5, 'activity_level': 'b', '疾病情况': None}, 'data': {'餐别': '午餐', '菜品名称': [{'食品名称': '番茄炒蛋', '食品克数': '200', '食材信息': {}}, {'食品名称': '凉拌土豆丝', '食品克数': '100', '食材信息': {'土豆': '100'}}, {'食品名称': '尖椒土豆片', '食品克数': '200', '食材信息': {}}, {'食品名称': '裙带菜豆腐汤', '食品克数': '100', '食材信息': {}}, {'食品名称': '白扁豆炒肉', '食品克数': '200', '食材信息': {}}, {'食品名称': '葛根排骨汤', '食品克数': '100', '食材信息': {}}, {'食品名称': '红烧带鱼', '食品克数': '200', '食材信息': {}}, {'食品名称': '卤蛋', '食品克数': '50', '食材信息': {'鸡蛋': '50'}}, {'食品名称': '牛肉炒木耳', '食品克数': '200', '食材信息': {}}, {'食品名称': '素炒甘蓝丝', '食品克数': '100', '食材信息': {'结球甘蓝': '100'}}, {'食品名称': '尖椒炒肉', '食品克数': '100', '食材信息': {}}, {'食品名称': '蒸芋头', '食品克数': '100', '食材信息': {'芋头': '100'}}, {'食品名称': '猪肉白菜炖粉条', '食品克数': '200', '食材信息': {}}, {'食品名称': '煮鹅蛋', '食品克数': '70', '食材信息': {'鹅蛋': '70'}}]}}
2025-07-15 14:59:52,624 - INFO - 开始计算餐别 '午餐' 的营养需求
2025-07-15 15:00:09,959 - INFO - 大模型返回原始内容:
{
    "番茄炒蛋": "不推荐|该菜品脂肪含量较高，且营养权重低于0.3",
    "凉拌土豆丝": "推荐|该菜品脂肪含量较低，营养权重为1.00",
    "尖椒土豆片": "推荐|该菜品蛋白质含量较高，脂肪含量较高，但营养权重为1.00",
    "裙带菜豆腐汤": "不推荐|该菜品脂肪含量较高，且营养权重低于0.3",
    "白扁豆炒肉": "不推荐|该菜品脂肪含量较高，且营养权重低于0.3",
    "葛根排骨汤": "推荐|该菜品脂肪含量非常低，营养权重为0.50",
    "红烧带鱼": "不推荐|该菜品脂肪含量较高，且营养权重低于0.3",
    "卤蛋": "不推荐|该菜品脂肪含量较高，且营养权重低于0.3",
    "牛肉炒木耳": "不推荐|该菜品脂肪含量较高，且营养权重低于0.3",
    "素炒甘蓝丝": "推荐|该菜品脂肪含量较低，营养权重为1.00",
    "尖椒炒肉": "不推荐|该菜品脂肪含量较高，且营养权重低于0.3",
    "蒸芋头": "推荐|该菜品脂肪含量较低，营养权重为1.00",
    "猪肉白菜炖粉条": "推荐|该菜品脂肪含量较低，营养权重为1.00",
    "煮鹅蛋": "推荐|该菜品脂肪含量较低，营养权重为0.76"
}
2025-07-15 15:02:45,768 - INFO - [Recommend request] {'flag': 0, 'info': {'性别': '男', '年龄': 20, '身高': 175, '体重': 65.5, 'activity_level': 'b', '疾病情况': None}, 'data': {'餐别': '午餐', '菜品名称': [{'食品名称': '番茄炒蛋', '食品克数': '200', '食材信息': {}}, {'食品名称': '凉拌土豆丝', '食品克数': '100', '食材信息': {'土豆': '100'}}, {'食品名称': '尖椒土豆片', '食品克数': '200', '食材信息': {}}, {'食品名称': '裙带菜豆腐汤', '食品克数': '100', '食材信息': {}}, {'食品名称': '白扁豆炒肉', '食品克数': '200', '食材信息': {}}, {'食品名称': '葛根排骨汤', '食品克数': '100', '食材信息': {}}, {'食品名称': '红烧带鱼', '食品克数': '200', '食材信息': {}}, {'食品名称': '卤蛋', '食品克数': '50', '食材信息': {'鸡蛋': '50'}}, {'食品名称': '牛肉炒木耳', '食品克数': '200', '食材信息': {}}, {'食品名称': '素炒甘蓝丝', '食品克数': '100', '食材信息': {'结球甘蓝': '100'}}, {'食品名称': '尖椒炒肉', '食品克数': '100', '食材信息': {}}, {'食品名称': '蒸芋头', '食品克数': '100', '食材信息': {'芋头': '100'}}, {'食品名称': '猪肉白菜炖粉条', '食品克数': '200', '食材信息': {}}, {'食品名称': '煮鹅蛋', '食品克数': '70', '食材信息': {'鹅蛋': '70'}}]}}
2025-07-15 15:02:45,768 - INFO - 开始计算餐别 '午餐' 的营养需求
2025-07-15 15:03:03,513 - INFO - 大模型返回原始内容:
{
    "番茄炒蛋": "不推荐|此菜品营养密度较低，脂肪和能量较高，不符合健康饮食建议。",
    "凉拌土豆丝": "推荐|营养均衡，符合用户健康饮食需求，且碳水化合物适中。",
    "尖椒土豆片": "不推荐|脂肪含量较高，超过了用户每日脂肪摄入的推荐上限，同时能量和碳水化合物也偏高。",
    "裙带菜豆腐汤": "不推荐|脂肪和能量含量适中，但蛋白质量较低，不完全符合用户的营养需求。",
    "白扁豆炒肉": "不推荐|脂肪和能量含量高，不符合健康饮食建议。",
    "葛根排骨汤": "推荐|营养较为均衡，脂肪含量低，符合用户健康饮食需求。",
    "红烧带鱼": "不推荐|脂肪和能量含量高，不符合健康饮食建议。",
    "卤蛋": "不推荐|脂肪和能量含量高，不符合健康饮食建议。",
    "牛肉炒木耳": "不推荐|脂肪和能量含量高，不符合健康饮食建议。",
    "素炒甘蓝丝": "推荐|富含膳食纤维，低脂肪和能量，符合用户健康饮食需求。",
    "尖椒炒肉": "不推荐|脂肪和能量含量高，不符合健康饮食建议。",
    "蒸芋头": "推荐|富含膳食纤维，低脂肪和能量，符合用户健康饮食需求。",
    "猪肉白菜炖粉条": "推荐|营养较为均衡，脂肪含量低，符合用户健康饮食需求。",
    "煮鹅蛋": "推荐|蛋白质含量较高，且能量适中，符合用户健康饮食需求。"
}
2025-07-15 15:04:56,932 - INFO - [Recommend request] {'flag': 0, 'info': {'性别': '男', '年龄': 20, '身高': 175, '体重': 65.5, 'activity_level': 'b', '疾病情况': None}, 'data': {'餐别': '午餐', '菜品名称': [{'食品名称': '番茄炒蛋', '食品克数': '200', '食材信息': {}}, {'食品名称': '凉拌土豆丝', '食品克数': '100', '食材信息': {'土豆': '100'}}, {'食品名称': '尖椒土豆片', '食品克数': '200', '食材信息': {}}, {'食品名称': '裙带菜豆腐汤', '食品克数': '100', '食材信息': {}}, {'食品名称': '白扁豆炒肉', '食品克数': '200', '食材信息': {}}, {'食品名称': '葛根排骨汤', '食品克数': '100', '食材信息': {}}, {'食品名称': '红烧带鱼', '食品克数': '200', '食材信息': {}}, {'食品名称': '卤蛋', '食品克数': '50', '食材信息': {'鸡蛋': '50'}}, {'食品名称': '牛肉炒木耳', '食品克数': '200', '食材信息': {}}, {'食品名称': '素炒甘蓝丝', '食品克数': '100', '食材信息': {'结球甘蓝': '100'}}, {'食品名称': '尖椒炒肉', '食品克数': '100', '食材信息': {}}, {'食品名称': '蒸芋头', '食品克数': '100', '食材信息': {'芋头': '100'}}, {'食品名称': '猪肉白菜炖粉条', '食品克数': '200', '食材信息': {}}, {'食品名称': '煮鹅蛋', '食品克数': '70', '食材信息': {'鹅蛋': '70'}}]}}
2025-07-15 15:04:56,932 - INFO - 开始计算餐别 '午餐' 的营养需求
2025-07-15 15:05:12,706 - INFO - 大模型返回原始内容:
```json
{
    "番茄炒蛋": "不推荐|因含脂肪和能量较高，可能超出营养上限",
    "凉拌土豆丝": "推荐|营养价值均衡，符合用户需求",
    "尖椒土豆片": "推荐|富含蛋白质和碳水化合物，营养价值高",
    "裙带菜豆腐汤": "不推荐|脂肪含量偏高，可能超出营养上限",
    "白扁豆炒肉": "不推荐|含能量和脂肪较高，可能超出营养上限",
    "葛根排骨汤": "推荐|脂肪含量低，适合用户需求",
    "红烧带鱼": "不推荐|脂肪含量偏高，可能超出营养上限",
    "卤蛋": "不推荐|能量和脂肪含量较高，可能超出营养上限",
    "牛肉炒木耳": "不推荐|含能量和脂肪偏高，可能超出营养上限",
    "素炒甘蓝丝": "推荐|富含纤维素，适合用户需求",
    "尖椒炒肉": "不推荐|脂肪含量偏高，可能超出营养上限",
    "蒸芋头": "推荐|能量和脂肪含量低，适合用户需求",
    "猪肉白菜炖粉条": "推荐|脂肪含量低，适合用户需求",
    "煮鹅蛋": "推荐|富含蛋白质，符合用户需求"
}
```
2025-07-15 15:05:52,779 - INFO - [Recommend request] {'flag': 0, 'info': {'性别': '男', '年龄': 20, '身高': 175, '体重': 65.5, 'activity_level': 'b', '疾病情况': None}, 'data': {'餐别': '午餐', '菜品名称': [{'食品名称': '番茄炒蛋', '食品克数': '200', '食材信息': {}}, {'食品名称': '凉拌土豆丝', '食品克数': '100', '食材信息': {'土豆': '100'}}, {'食品名称': '尖椒土豆片', '食品克数': '200', '食材信息': {}}, {'食品名称': '裙带菜豆腐汤', '食品克数': '100', '食材信息': {}}, {'食品名称': '白扁豆炒肉', '食品克数': '200', '食材信息': {}}, {'食品名称': '葛根排骨汤', '食品克数': '100', '食材信息': {}}, {'食品名称': '红烧带鱼', '食品克数': '200', '食材信息': {}}, {'食品名称': '卤蛋', '食品克数': '50', '食材信息': {'鸡蛋': '50'}}, {'食品名称': '牛肉炒木耳', '食品克数': '200', '食材信息': {}}, {'食品名称': '素炒甘蓝丝', '食品克数': '100', '食材信息': {'结球甘蓝': '100'}}, {'食品名称': '尖椒炒肉', '食品克数': '100', '食材信息': {}}, {'食品名称': '蒸芋头', '食品克数': '100', '食材信息': {'芋头': '100'}}, {'食品名称': '猪肉白菜炖粉条', '食品克数': '200', '食材信息': {}}, {'食品名称': '煮鹅蛋', '食品克数': '70', '食材信息': {'鹅蛋': '70'}}]}}
2025-07-15 15:05:52,780 - INFO - 开始计算餐别 '午餐' 的营养需求
2025-07-15 15:06:14,080 - INFO - 大模型返回原始内容:
```json
{
    "番茄炒蛋": "不推荐|番茄炒蛋的脂肪量较高，且提供的营养成分不多，不足以填补整餐营养需求。",
    "凉拌土豆丝": "推荐|凉拌土豆丝营养均衡，提供适量的蛋白质和较低的脂肪，有助于补充膳食纤维。",
    "尖椒土豆片": "推荐|尖椒土豆片提供较高的蛋白质和脂肪，且碳水化合物含量适中，有助于平衡整餐营养。",
    "裙带菜豆腐汤": "不推荐|虽然裙带菜豆腐汤提供的蛋白质较少，但其脂肪和能量较高，可能影响整餐营养平衡。",
    "白扁豆炒肉": "不推荐|白扁豆炒肉蛋白质含量高，但脂肪含量较高，能量也较高，可能影响整餐营养平衡。",
    "葛根排骨汤": "推荐|葛根排骨汤能量较低，且蛋白质和脂肪含量合理，是整餐的较好选择。",
    "红烧带鱼": "不推荐|红烧带鱼能量和脂肪含量都较高，与整餐的营养需求不符，不适合。",
    "卤蛋": "不推荐|卤蛋的能量和脂肪较高，不适合整餐营养平衡的需要。",
    "牛肉炒木耳": "不推荐|牛肉炒木耳能量不高但脂肪较高，不适合整餐营养平衡。",
    "素炒甘蓝丝": "推荐|素炒甘蓝丝提供较低能量和脂肪，但含有丰富的维生素，有助于补充微量营养素。",
    "尖椒炒肉": "不推荐|尖椒炒肉能量和脂肪较高，积分密度相对较大，不适合整餐营养平衡。",
    "蒸芋头": "推荐|蒸芋头能量和脂肪含量较低，提供优质碳水化合物，是理想的主食选择。",
    "猪肉白菜炖粉条": "推荐|猪肉白菜炖粉条提供适量的蛋白质和碳水化合物，脂肪含量低，适合加入整餐。",
    "煮鹅蛋": "推荐|煮鹅蛋提供的营养较为均衡，能量、蛋白质和脂肪含量适中，有助于平衡整餐营养需求。"
}
```
2025-07-15 15:10:58,252 - INFO - [Recommend request] {'info': {'性别': '男', '年龄': 20, '身高': 175.0, '体重': 65.5, 'activity_level': 'b'}, 'data': {'餐别': '午餐', '菜品名称': [{'食品名称': '番茄炒蛋', '食品克数': 200.0}, {'食品名称': '凉拌土豆丝', '食品克数': 100.0}, {'食品名称': '尖椒土豆片', '食品克数': 200.0}, {'食品名称': '裙带菜豆腐汤', '食品克数': 100.0}, {'食品名称': '白扁豆炒肉', '食品克数': 200.0}, {'食品名称': '葛根排骨汤', '食品克数': 100.0}, {'食品名称': '红烧带鱼', '食品克数': 200.0}, {'食品名称': '卤蛋', '食品克数': 50.0}, {'食品名称': '牛肉炒木耳', '食品克数': 200.0}, {'食品名称': '素炒甘蓝丝', '食品克数': 100.0}, {'食品名称': '尖椒炒肉', '食品克数': 100.0}, {'食品名称': '蒸芋头', '食品克数': 100.0}, {'食品名称': '猪肉白菜炖粉条', '食品克数': 200.0}, {'食品名称': '煮鹅蛋', '食品克数': 70.0}]}}
2025-07-15 15:10:58,253 - INFO - 开始计算餐别 '午餐' 的营养需求
2025-07-15 15:11:12,546 - INFO - 大模型返回原始内容:
```json
{
    "番茄炒蛋": "不推荐|此菜品热量较高，且建议用户摄入更均衡的营养。",
    "凉拌土豆丝": "推荐|此菜品热量适中，蛋白质含量较低，适合搭配其他高蛋白菜品。",
    "尖椒土豆片": "不推荐|此菜品热量较高，脂肪与碳水化合物含量高，且蛋白质含量不足。",
    "裙带菜豆腐汤": "不推荐|此菜品热量适中，但脂肪和蛋白质含量一般，性价比不高。",
    "白扁豆炒肉": "不推荐|此菜品热量偏高，脂肪和碳水化合物含量均较高，缺乏足够的蔬菜纤维。",
    "葛根排骨汤": "推荐|此菜品热量适中，脂肪含量低，适合减肥期间的营养摄入。",
    "红烧带鱼": "不推荐|此菜品热量适中，但脂肪含量偏高，需控制摄入量。",
    "卤蛋": "不推荐|此菜品热量适中，但脂肪含量偏高，且缺乏足够的纤维素。",
    "牛肉炒木耳": "不推荐|此菜品热量较高，蛋白质和脂肪含量均适中，但碳水化合物较低。",
    "素炒甘蓝丝": "推荐|此菜品热量较低，富含维生素和纤维素，有助于消化。",
    "尖椒炒肉": "不推荐|此菜品热量较高，脂肪和碳水化合物含量均偏高，且缺乏足够的蔬菜纤维。",
    "蒸芋头": "推荐|此菜品热量较低，富含纤维素和维生素，有助于健康饮食。",
    "猪肉白菜炖粉条": "推荐|此菜品热量适中，蛋白质和维生素含量较高，适合均衡饮食。",
    "煮鹅蛋": "推荐|此菜品热量适中，蛋白质含量高，但脂肪含量适中，适合搭配低碳饮食。"
}
```
2025-07-15 15:26:57,194 - INFO - [Recommend request] {'info': {'性别': '男', '年龄': 20, '身高': 175.0, '体重': 65.5, 'activity_level': 'b'}, 'data': {'餐别': '午餐', '菜品名称': [{'食品名称': '番茄炒蛋', '食品克数': 200.0}, {'食品名称': '凉拌土豆丝', '食品克数': 100.0}, {'食品名称': '尖椒土豆片', '食品克数': 200.0}, {'食品名称': '裙带菜豆腐汤', '食品克数': 100.0}, {'食品名称': '白扁豆炒肉', '食品克数': 200.0}, {'食品名称': '葛根排骨汤', '食品克数': 100.0}, {'食品名称': '红烧带鱼', '食品克数': 200.0}, {'食品名称': '卤蛋', '食品克数': 50.0}, {'食品名称': '牛肉炒木耳', '食品克数': 200.0}, {'食品名称': '素炒甘蓝丝', '食品克数': 100.0}, {'食品名称': '尖椒炒肉', '食品克数': 100.0}, {'食品名称': '蒸芋头', '食品克数': 100.0}, {'食品名称': '猪肉白菜炖粉条', '食品克数': 200.0}, {'食品名称': '煮鹅蛋', '食品克数': 70.0}]}}
2025-07-15 15:26:57,195 - INFO - 开始计算餐别 '午餐' 的营养需求
2025-07-15 15:27:17,010 - INFO - 大模型返回原始内容:
```json
{
    "番茄炒蛋": "不推荐|番茄炒蛋脂肪较高，且热量相对较高，不在推荐选项内。",
    "凉拌土豆丝": "推荐|凉拌土豆丝脂肪含量极低，热量适中，富含膳食纤维。",
    "尖椒土豆片": "不推荐|尖椒土豆片不仅脂肪含量较高，热量也高于推荐范围。",
    "裙带菜豆腐汤": "不推荐|脂肪含量虽然不高，但热量偏高，不适合高血压患者。",
    "白扁豆炒肉": "不推荐|白扁豆炒肉虽然蛋白质含量高，但热量偏高，脂肪含量也较高。",
    "葛根排骨汤": "推荐|葛根排骨汤热量适中，脂肪含量低，对体重管理有帮助。",
    "红烧带鱼": "不推荐|红烧带鱼虽然蛋白质丰富，但脂肪含量及热量相对较高，不适合某些人群。",
    "卤蛋": "不推荐|卤蛋虽然蛋白质含量较高，但脂肪和热量含量相对较高，不适合减肥期间。",
    "牛肉炒木耳": "不推荐|牛肉炒木耳蛋白质含量较高，但热量及脂肪含量也不低，控制总热量摄入。",
    "素炒甘蓝丝": "推荐|素炒甘蓝丝热量低，几乎不含脂肪，适合瘦身及减肥。",
    "尖椒炒肉": "不推荐|尖椒炒肉脂肪含量适中，热量偏高，不适合减肥期间。",
    "蒸芋头": "推荐|蒸芋头热量低，碳水化合物和膳食纤维含量高，适合减肥期间。",
    "猪肉白菜炖粉条": "推荐|猪肉白菜炖粉条虽然热量较高，但蛋白质和蔬菜可以帮助增加饱腹感。",
    "煮鹅蛋": "推荐|煮鹅蛋热量和脂肪含量适中，蛋白质含量较高，合理控制分量可以作为加餐选择。"
}
```
2025-07-15 15:43:21,347 - INFO - [Recommend request] {'info': {'性别': '男', '年龄': 20, '身高': 175.0, '体重': 65.5, 'activity_level': 'b'}, 'data': {'餐别': '午餐', '菜品名称': [{'食品名称': '番茄炒蛋', '食品克数': 200.0}, {'食品名称': '凉拌土豆丝', '食品克数': 100.0}, {'食品名称': '尖椒土豆片', '食品克数': 200.0}, {'食品名称': '裙带菜豆腐汤', '食品克数': 100.0}, {'食品名称': '白扁豆炒肉', '食品克数': 200.0}, {'食品名称': '葛根排骨汤', '食品克数': 100.0}, {'食品名称': '红烧带鱼', '食品克数': 200.0}, {'食品名称': '卤蛋', '食品克数': 50.0}, {'食品名称': '牛肉炒木耳', '食品克数': 200.0}, {'食品名称': '素炒甘蓝丝', '食品克数': 100.0}, {'食品名称': '尖椒炒肉', '食品克数': 100.0}, {'食品名称': '蒸芋头', '食品克数': 100.0}, {'食品名称': '猪肉白菜炖粉条', '食品克数': 200.0}, {'食品名称': '煮鹅蛋', '食品克数': 70.0}]}}
2025-07-15 15:43:21,348 - INFO - 开始计算餐别 '午餐' 的营养需求
2025-07-15 15:43:34,240 - INFO - 大模型返回原始内容:
```json
{
    "番茄炒蛋": "不推荐|该菜品能量较低，但蛋白质和脂肪含量适中，有助于增加蛋白质摄入，但总能量和蛋白质的总量未超出限制。但由于整体营养价值一般，考虑总餐差搭配。",
    "凉拌土豆丝": "推荐|低能量、高碳水化合物，适合蛋白质摄入需求。",
    "尖椒土豆片": "推荐|提供丰富的蛋白质和碳水化合物，营养价值适中。",
    "裙带菜豆腐汤": "不推荐|脂肪含量稍高，且存在饱和脂肪酸的风险。",
    "白扁豆炒肉": "不推荐|能量和蛋白质含量较高，可能导致整体蛋白质摄入过多。",
    "葛根排骨汤": "推荐|低脂肪，高蛋白质，有助于满足膳食需求。",
    "红烧带鱼": "不推荐|能量和蛋白质很高，脂肪含量也较高，容易超出推荐范围。",
    "卤蛋": "不推荐|脂肪含量过高，可能会影响整体脂肪摄入。",
    "牛肉炒木耳": "不推荐|脂肪含量较高，且蛋白质含量不足整餐目标。",
    "素炒甘蓝丝": "推荐|几乎无脂肪，低能量，富含维生素，适合大幅增加蔬菜摄入。",
    "尖椒炒肉": "不推荐|脂肪含量高，且能量中等偏高。",
    "蒸芋头": "推荐|富含纤维素，易于消化，适合减肥和控制血糖。",
    "猪肉白菜炖粉条": "推荐|提供多样化营养，蛋白质含量适中，可配搭其他菜品均衡膳食。",
    "煮鹅蛋": "推荐|提供一定能量，饱和脂肪含量适中，蛋白质含量较高。"
}
```
